[09-03-2020 12:28:41] PayPal\Core\PayPalHttpConnection : INFO: POST https://api.sandbox.paypal.com/v1/oauth2/token
[09-03-2020 12:28:41] PayPal\Core\PayPalHttpConnection : INFO: Response Status 	: 200
[09-03-2020 12:28:41] PayPal\Core\PayPalHttpConnection : INFO: GET https://api.sandbox.paypal.com/v1/payments/orders/60355843MY413270N
[09-03-2020 12:28:42] PayPal\Core\PayPalHttpConnection : INFO: Response Status 	: 404
[09-03-2020 12:28:42] PayPal\Core\PayPalHttpConnection : ERROR: Got Http response code 404 when accessing https://api.sandbox.paypal.com/v1/payments/orders/60355843MY413270N. {"name":"INVALID_RESOURCE_ID","message":"The requested resource ID was not found","information_link":"https://developer.paypal.com/docs/api/payments/#errors","debug_id":"875af88ea456c"}
[09-03-2020 12:44:45] PayPal\Core\PayPalHttpConnection : INFO: POST https://api.sandbox.paypal.com/v1/oauth2/token
[09-03-2020 12:44:46] PayPal\Core\PayPalHttpConnection : INFO: Response Status 	: 401
[09-03-2020 12:44:46] PayPal\Core\PayPalHttpConnection : ERROR: Got Http response code 401 when accessing https://api.sandbox.paypal.com/v1/oauth2/token. {"error":"invalid_client","error_description":"Client Authentication failed"}
[09-03-2020 12:45:02] PayPal\Core\PayPalHttpConnection : INFO: POST https://api.paypal.com/v1/oauth2/token
[09-03-2020 12:45:03] PayPal\Core\PayPalHttpConnection : INFO: Response Status 	: 200
[09-03-2020 12:45:03] PayPal\Core\PayPalHttpConnection : INFO: GET https://api.paypal.com/v1/payments/payment?
[09-03-2020 12:45:06] PayPal\Core\PayPalHttpConnection : INFO: Response Status 	: 200
[07-08-2020 02:01:01] PayPal\Core\PayPalHttpConnection : INFO: POST https://api.paypal.com/v1/oauth2/token
[07-08-2020 02:01:01] PayPal\Core\PayPalHttpConnection : INFO: Response Status 	: 401
[07-08-2020 02:01:01] PayPal\Core\PayPalHttpConnection : ERROR: Got Http response code 401 when accessing https://api.paypal.com/v1/oauth2/token. {"error":"invalid_client","error_description":"Client Authentication failed"}
[07-08-2020 02:01:58] PayPal\Core\PayPalHttpConnection : INFO: POST https://api.paypal.com/v1/oauth2/token
[07-08-2020 02:01:59] PayPal\Core\PayPalHttpConnection : INFO: Response Status 	: 401
[07-08-2020 02:01:59] PayPal\Core\PayPalHttpConnection : ERROR: Got Http response code 401 when accessing https://api.paypal.com/v1/oauth2/token. {"error":"invalid_client","error_description":"Client Authentication failed"}
[07-08-2020 02:02:36] PayPal\Core\PayPalHttpConnection : INFO: POST https://api.paypal.com/v1/oauth2/token
[07-08-2020 02:02:36] PayPal\Core\PayPalHttpConnection : INFO: Response Status 	: 401
[07-08-2020 02:02:36] PayPal\Core\PayPalHttpConnection : ERROR: Got Http response code 401 when accessing https://api.paypal.com/v1/oauth2/token. {"error":"invalid_client","error_description":"Client Authentication failed"}
[23-12-2020 14:26:20] PayPal\Core\PayPalHttpConnection : INFO: POST https://api.paypal.com/v1/oauth2/token
[23-12-2020 14:26:21] PayPal\Core\PayPalHttpConnection : INFO: Response Status 	: 200
[23-12-2020 14:26:21] PayPal\Core\PayPalHttpConnection : INFO: GET https://api.paypal.com/v1/checkout/orders/null
[23-12-2020 14:26:22] PayPal\Core\PayPalHttpConnection : INFO: Response Status 	: 400
[23-12-2020 14:26:22] PayPal\Core\PayPalHttpConnection : ERROR: Got Http response code 400 when accessing https://api.paypal.com/v1/checkout/orders/null. {"name":"VALIDATION_ERROR","details":[{"field":"#/id","location":"body","issue":"INVALID_RESOURCE_ID"}],"message":"Invalid request - see details","information_link":"https://developer.paypal.com/docs/api/orders/v1/#error-VALIDATION_ERROR","debug_id":"fd0a5c3d82a45"}
[23-12-2020 14:50:04] PayPal\Core\PayPalHttpConnection : INFO: POST https://api.paypal.com/v1/oauth2/token
[23-12-2020 14:50:05] PayPal\Core\PayPalHttpConnection : INFO: Response Status 	: 200
[23-12-2020 14:50:05] PayPal\Core\PayPalHttpConnection : INFO: GET https://api.paypal.com/v1/checkout/orders/null
[23-12-2020 14:50:05] PayPal\Core\PayPalHttpConnection : INFO: Response Status 	: 400
[23-12-2020 14:50:05] PayPal\Core\PayPalHttpConnection : ERROR: Got Http response code 400 when accessing https://api.paypal.com/v1/checkout/orders/null. {"name":"VALIDATION_ERROR","details":[{"field":"#/id","location":"body","issue":"INVALID_RESOURCE_ID"}],"message":"Invalid request - see details","information_link":"https://developer.paypal.com/docs/api/orders/v1/#error-VALIDATION_ERROR","debug_id":"45e4db4105a64"}
[15-03-2022 19:22:58] PayPal\Core\PayPalHttpConnection : INFO: POST https://api.paypal.com/v1/oauth2/token
[15-03-2022 19:22:59] PayPal\Core\PayPalHttpConnection : INFO: Response Status 	: 200
[15-03-2022 19:22:59] PayPal\Core\PayPalHttpConnection : INFO: GET https://api.paypal.com/v1/checkout/orders/78358464Y0417105W
[15-03-2022 19:22:59] PayPal\Core\PayPalHttpConnection : INFO: Response Status 	: 200
[16-03-2022 17:37:48] PayPal\Core\PayPalHttpConnection : INFO: POST https://api.paypal.com/v1/oauth2/token
[16-03-2022 17:37:49] PayPal\Core\PayPalHttpConnection : INFO: Response Status 	: 200
[16-03-2022 17:37:49] PayPal\Core\PayPalHttpConnection : INFO: GET https://api.paypal.com/v1/checkout/orders/2RE275782G841851E
[16-03-2022 17:37:50] PayPal\Core\PayPalHttpConnection : INFO: Response Status 	: 200
[25-03-2022 14:43:02] PayPal\Core\PayPalHttpConnection : INFO: POST https://api.paypal.com/v1/oauth2/token
[25-03-2022 14:43:02] PayPal\Core\PayPalHttpConnection : INFO: Response Status 	: 200
[25-03-2022 14:43:02] PayPal\Core\PayPalHttpConnection : INFO: GET https://api.paypal.com/v1/checkout/orders/40014258S64593632
[25-03-2022 14:43:03] PayPal\Core\PayPalHttpConnection : INFO: Response Status 	: 200
[25-03-2022 14:43:11] PayPal\Core\PayPalHttpConnection : INFO: POST https://api.paypal.com/v1/oauth2/token
[25-03-2022 14:43:11] PayPal\Core\PayPalHttpConnection : INFO: Response Status 	: 200
[25-03-2022 14:43:11] PayPal\Core\PayPalHttpConnection : INFO: GET https://api.paypal.com/v1/checkout/orders/40014258S64593632
[25-03-2022 14:43:12] PayPal\Core\PayPalHttpConnection : INFO: Response Status 	: 200
[29-03-2022 09:08:13] PayPal\Core\PayPalHttpConnection : INFO: POST https://api.paypal.com/v1/oauth2/token
[29-03-2022 09:08:14] PayPal\Core\PayPalHttpConnection : INFO: Response Status 	: 200
[29-03-2022 09:08:14] PayPal\Core\PayPalHttpConnection : INFO: GET https://api.paypal.com/v1/checkout/orders/2HK716851S591340T
[29-03-2022 09:08:14] PayPal\Core\PayPalHttpConnection : INFO: Response Status 	: 200
[29-03-2022 09:08:29] PayPal\Core\PayPalHttpConnection : INFO: POST https://api.paypal.com/v1/oauth2/token
[29-03-2022 09:08:30] PayPal\Core\PayPalHttpConnection : INFO: Response Status 	: 200
[29-03-2022 09:08:30] PayPal\Core\PayPalHttpConnection : INFO: GET https://api.paypal.com/v1/checkout/orders/2HK716851S591340T
[29-03-2022 09:08:30] PayPal\Core\PayPalHttpConnection : INFO: Response Status 	: 200
[29-03-2022 09:22:48] PayPal\Core\PayPalHttpConnection : INFO: POST https://api.paypal.com/v1/oauth2/token
[29-03-2022 09:22:49] PayPal\Core\PayPalHttpConnection : INFO: Response Status 	: 200
[29-03-2022 09:22:49] PayPal\Core\PayPalHttpConnection : INFO: GET https://api.paypal.com/v1/checkout/orders/1M5810027C579134M
[29-03-2022 09:22:49] PayPal\Core\PayPalHttpConnection : INFO: Response Status 	: 200
[31-03-2022 09:33:56] PayPal\Core\PayPalHttpConnection : INFO: POST https://api.paypal.com/v1/oauth2/token
[31-03-2022 09:33:57] PayPal\Core\PayPalHttpConnection : INFO: Response Status 	: 200
[31-03-2022 09:33:57] PayPal\Core\PayPalHttpConnection : INFO: GET https://api.paypal.com/v1/checkout/orders/5SS645433K636171T
[31-03-2022 09:33:57] PayPal\Core\PayPalHttpConnection : INFO: Response Status 	: 200
